Performing C++ SOURCE FILE Test CMAKE_REQUIRE_LARGE_FILE_SUPPORT failed with the following output:
Change Dir: /home/guillaume/Visualisation/CMakeFiles/CMakeTmp

Run Build Command:"/usr/bin/make" "cmTC_f3188/fast"
/usr/bin/make -f CMakeFiles/cmTC_f3188.dir/build.make CMakeFiles/cmTC_f3188.dir/build
make[1] : on entre dans le répertoire « /home/guillaume/Visualisation/CMakeFiles/CMakeTmp »
Building CXX object CMakeFiles/cmTC_f3188.dir/src.cxx.o
/usr/bin/c++    -DCMAKE_REQUIRE_LARGE_FILE_SUPPORT   -o CMakeFiles/cmTC_f3188.dir/src.cxx.o -c /home/guillaume/Visualisation/CMakeFiles/CMakeTmp/src.cxx
Linking CXX executable cmTC_f3188
/usr/bin/cmake -E cmake_link_script CMakeFiles/cmTC_f3188.dir/link.txt --verbose=1
/usr/bin/c++   -DCMAKE_REQUIRE_LARGE_FILE_SUPPORT    -rdynamic CMakeFiles/cmTC_f3188.dir/src.cxx.o  -o cmTC_f3188 
/usr/lib/gcc/x86_64-linux-gnu/7/../../../x86_64-linux-gnu/Scrt1.o : Dans la fonction « _start » :
(.text+0x20) : référence indéfinie vers « main »
collect2: error: ld returned 1 exit status
CMakeFiles/cmTC_f3188.dir/build.make:97: recipe for target 'cmTC_f3188' failed
make[1]: *** [cmTC_f3188] Error 1
make[1] : on quitte le répertoire « /home/guillaume/Visualisation/CMakeFiles/CMakeTmp »
Makefile:126: recipe for target 'cmTC_f3188/fast' failed
make: *** [cmTC_f3188/fast] Error 2

Return value: 1
Source file was:

